Using pre-set license
Built from '2020.3/staging' branch; Version is '2020.3.11f1 (99c7afb366b3) revision 10078127'; Using compiler version '192528614'; Build Type 'Release'
OS: 'Windows 10 Enterprise; OS build 18363.1977; Version 1909; 64bit' Language: 'en' Physical Memory: 32365 MB
BatchMode: 1, IsHumanControllingUs: 0, StartBugReporterOnCrash: 0, Is64bit: 1, IsPro: 0

 COMMAND LINE ARGUMENTS:
C:\Work\2020.3.11f1\Editor\Unity.exe
-adb2
-batchMode
-noUpm
-name
AssetImportWorker0
-projectPath
C:/Work/Hakaton/Association/Association
-logFile
Logs/AssetImportWorker0.log
-srvPort
58137
Successfully changed project path to: C:/Work/Hakaton/Association/Association
C:/Work/Hakaton/Association/Association
Using Asset Import Pipeline V2.
Refreshing native plugins compatible for Editor in 44.93 ms, found 3 plugins.
Preloading 0 native plugins for Editor in 0.00 ms.
Initialize engine version: 2020.3.11f1 (99c7afb366b3)
[Subsystems] Discovering subsystems at path C:/Work/2020.3.11f1/Editor/Data/Resources/UnitySubsystems
[Subsystems] Discovering subsystems at path C:/Work/Hakaton/Association/Association/Assets
GfxDevice: creating device client; threaded=0
Direct3D:
    Version:  Direct3D 11.0 [level 11.1]
    Renderer: Intel(R) UHD Graphics (ID=0x9bc4)
    Vendor:   
    VRAM:     16182 MB
    Driver:   27.20.100.8681
Initialize mono
Mono path[0] = 'C:/Work/2020.3.11f1/Editor/Data/Managed'
Mono path[1] = 'C:/Work/2020.3.11f1/Editor/Data/MonoBleedingEdge/lib/mono/unityjit'
Mono config path = 'C:/Work/2020.3.11f1/Editor/Data/MonoBleedingEdge/etc'
Using monoOptions --debugger-agent=transport=dt_socket,embedding=1,server=y,suspend=n,address=127.0.0.1:56216
Begin MonoManager ReloadAssembly
Registering precompiled unity dll's ...
Register platform support module: C:/Work/2020.3.11f1/Editor/Data/PlaybackEngines/WindowsStandaloneSupport/UnityEditor.WindowsStandalone.Extensions.dll
Registered in 0.002201 seconds.
Native extension for WindowsStandalone target not found
Refreshing native plugins compatible for Editor in 40.11 ms, found 3 plugins.
Preloading 0 native plugins for Editor in 0.00 ms.
Mono: successfully reloaded assembly
- Completed reload, in  2.195 seconds
Platform modules already initialized, skipping
Registering precompiled user dll's ...
Registered in 0.005059 seconds.
Begin MonoManager ReloadAssembly
Native extension for WindowsStandalone target not found
Refreshing native plugins compatible for Editor in 44.72 ms, found 3 plugins.
Preloading 0 native plugins for Editor in 0.00 ms.
Mono: successfully reloaded assembly
- Completed reload, in  1.116 seconds
Platform modules already initialized, skipping
========================================================================
Worker process is ready to serve import requests
Launched and connected shader compiler UnityShaderCompiler.exe after 0.07 seconds
Refreshing native plugins compatible for Editor in 0.54 ms, found 3 plugins.
Preloading 0 native plugins for Editor in 0.00 ms.
Unloading 2199 Unused Serialized files (Serialized files now loaded: 0)
System memory in use before: 97.8 MB.
System memory in use after: 97.8 MB.

Unloading 41 unused Assets to reduce memory usage. Loaded Objects now: 2625.
Total: 2.091000 ms (FindLiveObjects: 0.208900 ms CreateObjectMapping: 0.097100 ms MarkObjects: 1.714100 ms  DeleteObjects: 0.070000 ms)

========================================================================
Received Import Request.
  path: Packages/com.unity.2d.spriteshape/Editor/Handles/ss_playhead.png
  artifactKey: Guid(9ea72647c24be493ba6f15a9cd2a24ae) Importer(815301076,1909f56bfc062723c751e8b465ee728b)
Start importing Packages/com.unity.2d.spriteshape/Editor/Handles/ss_playhead.png using Guid(9ea72647c24be493ba6f15a9cd2a24ae) Importer(815301076,1909f56bfc062723c751e8b465ee728b)  -> (artifact id: '39927b807314c3a335a85bff6277a4c4') in 0.148414 seconds
  Import took 0.151465 seconds .

========================================================================
Received Import Request.
  Time since last request: 0.000204 seconds.
  path: Packages/com.unity.2d.animation/Editor/Assets/SkinningModule/Icons/Selected/Sprite_Mode@4x.png
  artifactKey: Guid(2223b0a570b66ee42b3e0a79f0789b2a) Importer(815301076,1909f56bfc062723c751e8b465ee728b)
Start importing Packages/com.unity.2d.animation/Editor/Assets/SkinningModule/Icons/Selected/Sprite_Mode@4x.png using Guid(2223b0a570b66ee42b3e0a79f0789b2a) Importer(815301076,1909f56bfc062723c751e8b465ee728b)  -> (artifact id: 'ff81033b75e18fd49e7f4a7489be901f') in 0.013266 seconds
  Import took 0.016378 seconds .

========================================================================
Received Import Request.
  Time since last request: 0.052290 seconds.
  path: Packages/com.unity.collab-proxy/Editor/PlasticSCM/Assets/Images/step3@2x.png
  artifactKey: Guid(36e6970b84831434a9eac79abd03700b) Importer(815301076,1909f56bfc062723c751e8b465ee728b)
Start importing Packages/com.unity.collab-proxy/Editor/PlasticSCM/Assets/Images/step3@2x.png using Guid(36e6970b84831434a9eac79abd03700b) Importer(815301076,1909f56bfc062723c751e8b465ee728b)  -> (artifact id: 'eb1db440c82cb9ebcf63cd0f510bd03c') in 0.016205 seconds
  Import took 0.020652 seconds .

========================================================================
Received Import Request.
  Time since last request: 0.080199 seconds.
  path: Packages/com.unity.collab-proxy/Editor/PlasticSCM/Assets/Images/step3.png
  artifactKey: Guid(69899ed144c8eea4baea48b858b37746) Importer(815301076,1909f56bfc062723c751e8b465ee728b)
Start importing Packages/com.unity.collab-proxy/Editor/PlasticSCM/Assets/Images/step3.png using Guid(69899ed144c8eea4baea48b858b37746) Importer(815301076,1909f56bfc062723c751e8b465ee728b)  -> (artifact id: '0fcf78b5c0991eea373faec6cd02c309') in 0.013656 seconds
  Import took 0.016831 seconds .

========================================================================
Received Import Request.
  Time since last request: 0.069483 seconds.
  path: Packages/com.unity.collab-proxy/Editor/PlasticSCM/Assets/Images/step2.png
  artifactKey: Guid(cd0b17b71a5c498428ee91dee8a78a88) Importer(815301076,1909f56bfc062723c751e8b465ee728b)
Start importing Packages/com.unity.collab-proxy/Editor/PlasticSCM/Assets/Images/step2.png using Guid(cd0b17b71a5c498428ee91dee8a78a88) Importer(815301076,1909f56bfc062723c751e8b465ee728b)  -> (artifact id: '5443e10453a7618bf0a7047583567dae') in 0.015134 seconds
  Import took 0.018275 seconds .

========================================================================
Received Import Request.
  Time since last request: 0.084903 seconds.
  path: Packages/com.unity.collab-proxy/Editor/PlasticSCM/Assets/Images/stepok.png
  artifactKey: Guid(d4780dc1205c7c7478c970d8c61d24e8) Importer(815301076,1909f56bfc062723c751e8b465ee728b)
Start importing Packages/com.unity.collab-proxy/Editor/PlasticSCM/Assets/Images/stepok.png using Guid(d4780dc1205c7c7478c970d8c61d24e8) Importer(815301076,1909f56bfc062723c751e8b465ee728b)  -> (artifact id: '8422c6295837eea78254dc5ab7b11c95') in 0.012413 seconds
  Import took 0.015527 seconds .

========================================================================
Received Import Request.
  Time since last request: 0.096348 seconds.
  path: Packages/com.unity.2d.sprite/Editor/ObjectMenuCreation/DefaultAssets/Textures/Square.png
  artifactKey: Guid(48e93eef0688c4a259cb0eddcd8661f7) Importer(815301076,1909f56bfc062723c751e8b465ee728b)
Start importing Packages/com.unity.2d.sprite/Editor/ObjectMenuCreation/DefaultAssets/Textures/Square.png using Guid(48e93eef0688c4a259cb0eddcd8661f7) Importer(815301076,1909f56bfc062723c751e8b465ee728b)  -> (artifact id: 'a5e8c35382549fe4b0f019b896c34994') in 0.018301 seconds
  Import took 0.022711 seconds .

========================================================================
Received Import Request.
  Time since last request: 0.088436 seconds.
  path: Packages/com.unity.collab-proxy/Editor/PlasticSCM/Assets/Images/step2@2x.png
  artifactKey: Guid(0029170d14ce6c04c9f45c22cdae5559) Importer(815301076,1909f56bfc062723c751e8b465ee728b)
Start importing Packages/com.unity.collab-proxy/Editor/PlasticSCM/Assets/Images/step2@2x.png using Guid(0029170d14ce6c04c9f45c22cdae5559) Importer(815301076,1909f56bfc062723c751e8b465ee728b)  -> (artifact id: 'e3f953afdd832898423f966a304f2ce0') in 0.015306 seconds
  Import took 0.018919 seconds .

========================================================================
Received Import Request.
  Time since last request: 0.123708 seconds.
  path: Packages/com.unity.2d.spriteshape/Editor/ObjectMenuCreation/DefaultAssets/Sprite Shapes/SpriteShapeEdge.png
  artifactKey: Guid(0ae2b74b1edd14bb18dd7b65ae916a54) Importer(815301076,1909f56bfc062723c751e8b465ee728b)
Start importing Packages/com.unity.2d.spriteshape/Editor/ObjectMenuCreation/DefaultAssets/Sprite Shapes/SpriteShapeEdge.png using Guid(0ae2b74b1edd14bb18dd7b65ae916a54) Importer(815301076,1909f56bfc062723c751e8b465ee728b)  -> (artifact id: 'd0a0a6bac8b0ef1cbcd7454e1ebfdb51') in 0.013976 seconds
  Import took 0.017483 seconds .

========================================================================
Received Import Request.
  Time since last request: 0.082433 seconds.
  path: Packages/com.unity.2d.sprite/Editor/ObjectMenuCreation/DefaultAssets/Textures/SquareWithBorder.png
  artifactKey: Guid(db750325989564987a34393247d883b4) Importer(815301076,1909f56bfc062723c751e8b465ee728b)
Start importing Packages/com.unity.2d.sprite/Editor/ObjectMenuCreation/DefaultAssets/Textures/SquareWithBorder.png using Guid(db750325989564987a34393247d883b4) Importer(815301076,1909f56bfc062723c751e8b465ee728b)  -> (artifact id: '3fc290c3e01f906fc28726077288077a') in 0.013432 seconds
  Import took 0.016507 seconds .

========================================================================
Received Import Request.
  Time since last request: 0.041346 seconds.
  path: Packages/com.unity.2d.spriteshape/Editor/Handles/ss_leftrange.png
  artifactKey: Guid(9417efc47083f4a1598c1966a6345cdb) Importer(815301076,1909f56bfc062723c751e8b465ee728b)
Start importing Packages/com.unity.2d.spriteshape/Editor/Handles/ss_leftrange.png using Guid(9417efc47083f4a1598c1966a6345cdb) Importer(815301076,1909f56bfc062723c751e8b465ee728b)  -> (artifact id: 'cac329b1e98816bb3dfd99145a4b9e57') in 0.014135 seconds
  Import took 0.017435 seconds .

========================================================================
Received Import Request.
  Time since last request: 0.130330 seconds.
  path: Packages/com.unity.collab-proxy/Editor/PlasticSCM/Assets/Images/step1@2x.png
  artifactKey: Guid(affeade9874cf2347abb155e8d0db4d8) Importer(815301076,1909f56bfc062723c751e8b465ee728b)
Start importing Packages/com.unity.collab-proxy/Editor/PlasticSCM/Assets/Images/step1@2x.png using Guid(affeade9874cf2347abb155e8d0db4d8) Importer(815301076,1909f56bfc062723c751e8b465ee728b)  -> (artifact id: '96f3c587d53b40a1799c95182e36fe0d') in 0.011282 seconds
  Import took 0.015141 seconds .

========================================================================
Received Import Request.
  Time since last request: 0.043201 seconds.
  path: Packages/com.unity.collab-proxy/Editor/PlasticSCM/Assets/Images/step1.png
  artifactKey: Guid(9ce84ff0fdeb13d4a83f077d075dd9a5) Importer(815301076,1909f56bfc062723c751e8b465ee728b)
Start importing Packages/com.unity.collab-proxy/Editor/PlasticSCM/Assets/Images/step1.png using Guid(9ce84ff0fdeb13d4a83f077d075dd9a5) Importer(815301076,1909f56bfc062723c751e8b465ee728b)  -> (artifact id: '346d67da65fa51b57167e92bcf02f248') in 0.018038 seconds
  Import took 0.021977 seconds .

========================================================================
Received Import Request.
  Time since last request: 0.039046 seconds.
  path: Packages/com.unity.2d.spriteshape/Editor/Handles/ss_rightrange.png
  artifactKey: Guid(ee5df01235032491c8b180741ea820fe) Importer(815301076,1909f56bfc062723c751e8b465ee728b)
Start importing Packages/com.unity.2d.spriteshape/Editor/Handles/ss_rightrange.png using Guid(ee5df01235032491c8b180741ea820fe) Importer(815301076,1909f56bfc062723c751e8b465ee728b)  -> (artifact id: 'f3d4c6837c59948a358d303503c69709') in 0.013674 seconds
  Import took 0.017060 seconds .

========================================================================
Received Import Request.
  Time since last request: 0.098647 seconds.
  path: Packages/com.unity.collab-proxy/Editor/PlasticSCM/Assets/Images/stepok@2x.png
  artifactKey: Guid(be340a165cb9c8d4cb50f1deeb51d4ea) Importer(815301076,1909f56bfc062723c751e8b465ee728b)
Start importing Packages/com.unity.collab-proxy/Editor/PlasticSCM/Assets/Images/stepok@2x.png using Guid(be340a165cb9c8d4cb50f1deeb51d4ea) Importer(815301076,1909f56bfc062723c751e8b465ee728b)  -> (artifact id: '3089547bbc2514c7d87eaaeaa6094c1b') in 0.015407 seconds
  Import took 0.019707 seconds .

========================================================================
Received Import Request.
  Time since last request: 0.138281 seconds.
  path: Packages/com.unity.2d.path/Editor/Handles/TangentBroken.png
  artifactKey: Guid(b370d25fdf6f8914287e27c0c3dede6a) Importer(815301076,1909f56bfc062723c751e8b465ee728b)
Start importing Packages/com.unity.2d.path/Editor/Handles/TangentBroken.png using Guid(b370d25fdf6f8914287e27c0c3dede6a) Importer(815301076,1909f56bfc062723c751e8b465ee728b)  -> (artifact id: 'f6e4d2e0ff06304b4e66e29979edda9b') in 0.015069 seconds
  Import took 0.018839 seconds .

========================================================================
Received Prepare
Registering precompiled user dll's ...
Registered in 0.004652 seconds.
Begin MonoManager ReloadAssembly
Native extension for WindowsStandalone target not found
Refreshing native plugins compatible for Editor in 0.62 ms, found 3 plugins.
Preloading 0 native plugins for Editor in 0.00 ms.
Mono: successfully reloaded assembly
- Completed reload, in  0.970 seconds
Platform modules already initialized, skipping
Refreshing native plugins compatible for Editor in 0.50 ms, found 3 plugins.
Preloading 0 native plugins for Editor in 0.00 ms.
Unloading 2176 Unused Serialized files (Serialized files now loaded: 0)
System memory in use before: 98.9 MB.
System memory in use after: 99.0 MB.

Unloading 29 unused Assets to reduce memory usage. Loaded Objects now: 2649.
Total: 2.584100 ms (FindLiveObjects: 0.283900 ms CreateObjectMapping: 0.084300 ms MarkObjects: 2.194200 ms  DeleteObjects: 0.020700 ms)

========================================================================
Received Import Request.
  Time since last request: 642.279763 seconds.
  path: Assets/Textures/image 46.png
  artifactKey: Guid(d75744817c542584b8f8c000d180b733) Importer(815301076,1909f56bfc062723c751e8b465ee728b)
Start importing Assets/Textures/image 46.png using Guid(d75744817c542584b8f8c000d180b733) Importer(815301076,1909f56bfc062723c751e8b465ee728b)  -> (artifact id: '1f2f4ca200221205853f96229a88841c') in 0.059637 seconds
  Import took 0.063437 seconds .

========================================================================
Received Import Request.
  Time since last request: 9.183814 seconds.
  path: Assets/Textures/winterBack.png
  artifactKey: Guid(d75744817c542584b8f8c000d180b733) Importer(815301076,1909f56bfc062723c751e8b465ee728b)
Start importing Assets/Textures/winterBack.png using Guid(d75744817c542584b8f8c000d180b733) Importer(815301076,1909f56bfc062723c751e8b465ee728b)  -> (artifact id: 'b93efa9b504f848056afa407832abdb4') in 0.017351 seconds
  Import took 0.020618 seconds .

========================================================================
Received Import Request.
  Time since last request: 212.294376 seconds.
  path: Assets/Textures/nusha.png
  artifactKey: Guid(78124ddf616a8de43b3717a2b3083c8c) Importer(815301076,1909f56bfc062723c751e8b465ee728b)
Start importing Assets/Textures/nusha.png using Guid(78124ddf616a8de43b3717a2b3083c8c) Importer(815301076,1909f56bfc062723c751e8b465ee728b)  -> (artifact id: '7ca7b4c2bd90553ae9893bc8dc2c8eca') in 0.022662 seconds
  Import took 0.026513 seconds .

========================================================================
Received Import Request.
  Time since last request: 664.392705 seconds.
  path: ProjectSettings/TagManager.asset
  artifactKey: Guid(00000000000000003000000000000000) Importer(815301076,1909f56bfc062723c751e8b465ee728b)
Start importing ProjectSettings/TagManager.asset using Guid(00000000000000003000000000000000) Importer(815301076,1909f56bfc062723c751e8b465ee728b)  -> (artifact id: 'ce6a35c3cddc746e7501c0bd0ed6d4ce') in 0.015996 seconds
  Import took 0.019565 seconds .

========================================================================
Received Import Request.
  Time since last request: 131.032831 seconds.
  path: Assets/Textures/image 46.png
  artifactKey: Guid(1ebd505c85851be499b899d1756869b6) Importer(815301076,1909f56bfc062723c751e8b465ee728b)
Start importing Assets/Textures/image 46.png using Guid(1ebd505c85851be499b899d1756869b6) Importer(815301076,1909f56bfc062723c751e8b465ee728b)  -> (artifact id: '0b247d1773811d747ecb3a73b22ad603') in 0.013980 seconds
  Import took 0.018000 seconds .

========================================================================
Received Import Request.
  Time since last request: 498.195143 seconds.
  path: Assets/plant 2.png
  artifactKey: Guid(76a2f1633be1f21489f5b30a7515be19) Importer(815301076,1909f56bfc062723c751e8b465ee728b)
Start importing Assets/plant 2.png using Guid(76a2f1633be1f21489f5b30a7515be19) Importer(815301076,1909f56bfc062723c751e8b465ee728b)  -> (artifact id: '5ae1f719c10b5dfb13d58eb120d95e9a') in 0.018922 seconds
  Import took 0.023394 seconds .

========================================================================
Received Import Request.
  Time since last request: 136.536030 seconds.
  path: Assets/Textures/hello 2.png
  artifactKey: Guid(7cbd947df9298ba43bd91a74b4f19526) Importer(815301076,1909f56bfc062723c751e8b465ee728b)
Start importing Assets/Textures/hello 2.png using Guid(7cbd947df9298ba43bd91a74b4f19526) Importer(815301076,1909f56bfc062723c751e8b465ee728b)  -> (artifact id: 'c472c9a0b5f8d08da004e5eb60716934') in 0.025027 seconds
  Import took 0.029466 seconds .

========================================================================
Received Import Request.
  Time since last request: 125.316192 seconds.
  path: ProjectSettings/TagManager.asset
  artifactKey: Guid(00000000000000003000000000000000) Importer(815301076,1909f56bfc062723c751e8b465ee728b)
Start importing ProjectSettings/TagManager.asset using Guid(00000000000000003000000000000000) Importer(815301076,1909f56bfc062723c751e8b465ee728b)  -> (artifact id: 'a733014b4730498bb9e725a5914ff384') in 0.005893 seconds
  Import took 0.010454 seconds .

========================================================================
Received Prepare
Registering precompiled user dll's ...
Registered in 0.030977 seconds.
Begin MonoManager ReloadAssembly
Native extension for WindowsStandalone target not found
Refreshing native plugins compatible for Editor in 0.69 ms, found 3 plugins.
Preloading 0 native plugins for Editor in 0.00 ms.
Mono: successfully reloaded assembly
- Completed reload, in  1.823 seconds
Platform modules already initialized, skipping
Refreshing native plugins compatible for Editor in 0.59 ms, found 3 plugins.
Preloading 0 native plugins for Editor in 0.00 ms.
Unloading 2177 Unused Serialized files (Serialized files now loaded: 0)
System memory in use before: 99.0 MB.
System memory in use after: 99.1 MB.

Unloading 31 unused Assets to reduce memory usage. Loaded Objects now: 2661.
Total: 2.477700 ms (FindLiveObjects: 0.226300 ms CreateObjectMapping: 0.094800 ms MarkObjects: 2.133300 ms  DeleteObjects: 0.022200 ms)

========================================================================
Received Prepare
Registering precompiled user dll's ...
Registered in 0.005163 seconds.
Begin MonoManager ReloadAssembly
Native extension for WindowsStandalone target not found
Refreshing native plugins compatible for Editor in 0.57 ms, found 3 plugins.
Preloading 0 native plugins for Editor in 0.00 ms.
Mono: successfully reloaded assembly
- Completed reload, in  1.264 seconds
Platform modules already initialized, skipping
Refreshing native plugins compatible for Editor in 0.72 ms, found 3 plugins.
Preloading 0 native plugins for Editor in 0.00 ms.
Unloading 2177 Unused Serialized files (Serialized files now loaded: 0)
System memory in use before: 99.0 MB.
System memory in use after: 99.1 MB.

Unloading 29 unused Assets to reduce memory usage. Loaded Objects now: 2665.
Total: 2.547200 ms (FindLiveObjects: 0.233600 ms CreateObjectMapping: 0.105300 ms MarkObjects: 2.181400 ms  DeleteObjects: 0.025600 ms)

========================================================================
Received Prepare
Registering precompiled user dll's ...
Registered in 0.005207 seconds.
Begin MonoManager ReloadAssembly
Native extension for WindowsStandalone target not found
Refreshing native plugins compatible for Editor in 0.61 ms, found 3 plugins.
Preloading 0 native plugins for Editor in 0.00 ms.
Mono: successfully reloaded assembly
- Completed reload, in  1.161 seconds
Platform modules already initialized, skipping
Refreshing native plugins compatible for Editor in 0.62 ms, found 3 plugins.
Preloading 0 native plugins for Editor in 0.00 ms.
Unloading 2177 Unused Serialized files (Serialized files now loaded: 0)
System memory in use before: 99.0 MB.
System memory in use after: 99.1 MB.

Unloading 29 unused Assets to reduce memory usage. Loaded Objects now: 2669.
Total: 2.532700 ms (FindLiveObjects: 0.248000 ms CreateObjectMapping: 0.103600 ms MarkObjects: 2.154200 ms  DeleteObjects: 0.025800 ms)

========================================================================
Received Prepare
Registering precompiled user dll's ...
Registered in 0.005432 seconds.
Begin MonoManager ReloadAssembly
Native extension for WindowsStandalone target not found
Refreshing native plugins compatible for Editor in 0.86 ms, found 3 plugins.
Preloading 0 native plugins for Editor in 0.00 ms.
Mono: successfully reloaded assembly
- Completed reload, in  1.222 seconds
Platform modules already initialized, skipping
Refreshing native plugins compatible for Editor in 0.59 ms, found 3 plugins.
Preloading 0 native plugins for Editor in 0.00 ms.
Unloading 2177 Unused Serialized files (Serialized files now loaded: 0)
System memory in use before: 99.0 MB.
System memory in use after: 99.2 MB.

Unloading 29 unused Assets to reduce memory usage. Loaded Objects now: 2673.
Total: 2.240800 ms (FindLiveObjects: 0.233100 ms CreateObjectMapping: 0.109400 ms MarkObjects: 1.870100 ms  DeleteObjects: 0.026600 ms)

========================================================================
Received Prepare
Registering precompiled user dll's ...
Registered in 0.005387 seconds.
Begin MonoManager ReloadAssembly
Native extension for WindowsStandalone target not found
Refreshing native plugins compatible for Editor in 1.00 ms, found 3 plugins.
Preloading 0 native plugins for Editor in 0.00 ms.
Mono: successfully reloaded assembly
- Completed reload, in  1.228 seconds
Platform modules already initialized, skipping
Refreshing native plugins compatible for Editor in 1.00 ms, found 3 plugins.
Preloading 0 native plugins for Editor in 0.00 ms.
Unloading 2177 Unused Serialized files (Serialized files now loaded: 0)
System memory in use before: 99.1 MB.
System memory in use after: 99.2 MB.

Unloading 29 unused Assets to reduce memory usage. Loaded Objects now: 2677.
Total: 2.891700 ms (FindLiveObjects: 0.317800 ms CreateObjectMapping: 0.134100 ms MarkObjects: 2.413100 ms  DeleteObjects: 0.024500 ms)

========================================================================
Received Prepare
Registering precompiled user dll's ...
Registered in 0.005197 seconds.
Begin MonoManager ReloadAssembly
Native extension for WindowsStandalone target not found
Refreshing native plugins compatible for Editor in 0.58 ms, found 3 plugins.
Preloading 0 native plugins for Editor in 0.00 ms.
Mono: successfully reloaded assembly
- Completed reload, in  1.149 seconds
Platform modules already initialized, skipping
Refreshing native plugins compatible for Editor in 0.59 ms, found 3 plugins.
Preloading 0 native plugins for Editor in 0.00 ms.
Unloading 2177 Unused Serialized files (Serialized files now loaded: 0)
System memory in use before: 99.1 MB.
System memory in use after: 99.2 MB.

Unloading 29 unused Assets to reduce memory usage. Loaded Objects now: 2681.
Total: 3.677500 ms (FindLiveObjects: 0.280200 ms CreateObjectMapping: 0.113700 ms MarkObjects: 3.247100 ms  DeleteObjects: 0.034800 ms)

========================================================================
Received Prepare
Registering precompiled user dll's ...
Registered in 0.005300 seconds.
Begin MonoManager ReloadAssembly
Native extension for WindowsStandalone target not found
Refreshing native plugins compatible for Editor in 0.57 ms, found 3 plugins.
Preloading 0 native plugins for Editor in 0.00 ms.
Mono: successfully reloaded assembly
- Completed reload, in  1.087 seconds
Platform modules already initialized, skipping
Refreshing native plugins compatible for Editor in 0.60 ms, found 3 plugins.
Preloading 0 native plugins for Editor in 0.00 ms.
Unloading 2173 Unused Serialized files (Serialized files now loaded: 0)
System memory in use before: 99.0 MB.
System memory in use after: 99.1 MB.

Unloading 33 unused Assets to reduce memory usage. Loaded Objects now: 2681.
Total: 4.757900 ms (FindLiveObjects: 0.437800 ms CreateObjectMapping: 0.222200 ms MarkObjects: 4.034200 ms  DeleteObjects: 0.061600 ms)

========================================================================
Received Prepare
Registering precompiled user dll's ...
Registered in 0.005425 seconds.
Begin MonoManager ReloadAssembly
Native extension for WindowsStandalone target not found
Refreshing native plugins compatible for Editor in 0.57 ms, found 3 plugins.
Preloading 0 native plugins for Editor in 0.00 ms.
Mono: successfully reloaded assembly
- Completed reload, in  1.088 seconds
Platform modules already initialized, skipping
Refreshing native plugins compatible for Editor in 0.59 ms, found 3 plugins.
Preloading 0 native plugins for Editor in 0.00 ms.
Unloading 2173 Unused Serialized files (Serialized files now loaded: 0)
System memory in use before: 99.0 MB.
System memory in use after: 99.1 MB.

Unloading 29 unused Assets to reduce memory usage. Loaded Objects now: 2685.
Total: 2.465500 ms (FindLiveObjects: 0.237000 ms CreateObjectMapping: 0.108900 ms MarkObjects: 2.094700 ms  DeleteObjects: 0.023600 ms)

========================================================================
Received Prepare
Registering precompiled user dll's ...
Registered in 0.005151 seconds.
Begin MonoManager ReloadAssembly
Native extension for WindowsStandalone target not found
Refreshing native plugins compatible for Editor in 0.57 ms, found 3 plugins.
Preloading 0 native plugins for Editor in 0.00 ms.
Mono: successfully reloaded assembly
- Completed reload, in  1.123 seconds
Platform modules already initialized, skipping
Refreshing native plugins compatible for Editor in 0.57 ms, found 3 plugins.
Preloading 0 native plugins for Editor in 0.00 ms.
Unloading 2172 Unused Serialized files (Serialized files now loaded: 0)
System memory in use before: 99.0 MB.
System memory in use after: 99.1 MB.

Unloading 30 unused Assets to reduce memory usage. Loaded Objects now: 2688.
Total: 3.354300 ms (FindLiveObjects: 1.090300 ms CreateObjectMapping: 0.132900 ms MarkObjects: 2.103000 ms  DeleteObjects: 0.024100 ms)

========================================================================
Received Prepare
Registering precompiled user dll's ...
Registered in 0.005124 seconds.
Begin MonoManager ReloadAssembly
Native extension for WindowsStandalone target not found
Refreshing native plugins compatible for Editor in 0.88 ms, found 3 plugins.
Preloading 0 native plugins for Editor in 0.00 ms.
Mono: successfully reloaded assembly
- Completed reload, in  1.154 seconds
Platform modules already initialized, skipping
Refreshing native plugins compatible for Editor in 0.57 ms, found 3 plugins.
Preloading 0 native plugins for Editor in 0.00 ms.
Unloading 2171 Unused Serialized files (Serialized files now loaded: 0)
System memory in use before: 99.0 MB.
System memory in use after: 99.1 MB.

Unloading 30 unused Assets to reduce memory usage. Loaded Objects now: 2691.
Total: 2.345200 ms (FindLiveObjects: 0.217900 ms CreateObjectMapping: 0.099100 ms MarkObjects: 2.000400 ms  DeleteObjects: 0.026500 ms)

========================================================================
Received Prepare
Registering precompiled user dll's ...
Registered in 0.006533 seconds.
Begin MonoManager ReloadAssembly
Native extension for WindowsStandalone target not found
Refreshing native plugins compatible for Editor in 0.59 ms, found 3 plugins.
Preloading 0 native plugins for Editor in 0.00 ms.
Mono: successfully reloaded assembly
- Completed reload, in  1.186 seconds
Platform modules already initialized, skipping
Refreshing native plugins compatible for Editor in 0.58 ms, found 3 plugins.
Preloading 0 native plugins for Editor in 0.00 ms.
Unloading 2171 Unused Serialized files (Serialized files now loaded: 0)
System memory in use before: 99.0 MB.
System memory in use after: 99.1 MB.

Unloading 29 unused Assets to reduce memory usage. Loaded Objects now: 2695.
Total: 2.479500 ms (FindLiveObjects: 0.240700 ms CreateObjectMapping: 0.098200 ms MarkObjects: 2.113200 ms  DeleteObjects: 0.026100 ms)

========================================================================
Received Prepare
Registering precompiled user dll's ...
Registered in 0.005376 seconds.
Begin MonoManager ReloadAssembly
Native extension for WindowsStandalone target not found
Refreshing native plugins compatible for Editor in 0.59 ms, found 3 plugins.
Preloading 0 native plugins for Editor in 0.00 ms.
Mono: successfully reloaded assembly
- Completed reload, in  1.200 seconds
Platform modules already initialized, skipping
Refreshing native plugins compatible for Editor in 0.57 ms, found 3 plugins.
Preloading 0 native plugins for Editor in 0.00 ms.
Unloading 2171 Unused Serialized files (Serialized files now loaded: 0)
System memory in use before: 99.0 MB.
System memory in use after: 99.1 MB.

Unloading 29 unused Assets to reduce memory usage. Loaded Objects now: 2699.
Total: 2.600200 ms (FindLiveObjects: 0.264000 ms CreateObjectMapping: 0.100300 ms MarkObjects: 2.209100 ms  DeleteObjects: 0.025500 ms)

========================================================================
Received Prepare
Registering precompiled user dll's ...
Registered in 0.005287 seconds.
Begin MonoManager ReloadAssembly
Native extension for WindowsStandalone target not found
Refreshing native plugins compatible for Editor in 0.65 ms, found 3 plugins.
Preloading 0 native plugins for Editor in 0.00 ms.
Mono: successfully reloaded assembly
- Completed reload, in  1.151 seconds
Platform modules already initialized, skipping
Refreshing native plugins compatible for Editor in 0.58 ms, found 3 plugins.
Preloading 0 native plugins for Editor in 0.00 ms.
Unloading 2171 Unused Serialized files (Serialized files now loaded: 0)
System memory in use before: 99.1 MB.
System memory in use after: 99.2 MB.

Unloading 29 unused Assets to reduce memory usage. Loaded Objects now: 2703.
Total: 2.320200 ms (FindLiveObjects: 0.244400 ms CreateObjectMapping: 0.104600 ms MarkObjects: 1.950300 ms  DeleteObjects: 0.019400 ms)

========================================================================
Received Prepare
Registering precompiled user dll's ...
Registered in 0.005733 seconds.
Begin MonoManager ReloadAssembly
Native extension for WindowsStandalone target not found
Refreshing native plugins compatible for Editor in 0.99 ms, found 3 plugins.
Preloading 0 native plugins for Editor in 0.00 ms.
Mono: successfully reloaded assembly
- Completed reload, in  1.203 seconds
Platform modules already initialized, skipping
Refreshing native plugins compatible for Editor in 0.68 ms, found 3 plugins.
Preloading 0 native plugins for Editor in 0.00 ms.
Unloading 2172 Unused Serialized files (Serialized files now loaded: 0)
System memory in use before: 99.1 MB.
System memory in use after: 99.3 MB.

Unloading 29 unused Assets to reduce memory usage. Loaded Objects now: 2708.
Total: 2.727800 ms (FindLiveObjects: 0.322300 ms CreateObjectMapping: 0.152800 ms MarkObjects: 2.228100 ms  DeleteObjects: 0.023200 ms)

========================================================================
Received Prepare
Registering precompiled user dll's ...
Registered in 0.005206 seconds.
Begin MonoManager ReloadAssembly
Native extension for WindowsStandalone target not found
Refreshing native plugins compatible for Editor in 0.71 ms, found 3 plugins.
Preloading 0 native plugins for Editor in 0.00 ms.
Mono: successfully reloaded assembly
- Completed reload, in  1.174 seconds
Platform modules already initialized, skipping
Refreshing native plugins compatible for Editor in 0.94 ms, found 3 plugins.
Preloading 0 native plugins for Editor in 0.00 ms.
Unloading 2173 Unused Serialized files (Serialized files now loaded: 0)
System memory in use before: 99.2 MB.
System memory in use after: 99.4 MB.

Unloading 29 unused Assets to reduce memory usage. Loaded Objects now: 2713.
Total: 2.605400 ms (FindLiveObjects: 0.246800 ms CreateObjectMapping: 0.111200 ms MarkObjects: 2.227700 ms  DeleteObjects: 0.018700 ms)

========================================================================
Received Prepare
Registering precompiled user dll's ...
Registered in 0.005341 seconds.
Begin MonoManager ReloadAssembly
Native extension for WindowsStandalone target not found
Refreshing native plugins compatible for Editor in 0.59 ms, found 3 plugins.
Preloading 0 native plugins for Editor in 0.00 ms.
Mono: successfully reloaded assembly
- Completed reload, in  1.160 seconds
Platform modules already initialized, skipping
Refreshing native plugins compatible for Editor in 0.59 ms, found 3 plugins.
Preloading 0 native plugins for Editor in 0.00 ms.
Unloading 2173 Unused Serialized files (Serialized files now loaded: 0)
System memory in use before: 99.2 MB.
System memory in use after: 99.4 MB.

Unloading 29 unused Assets to reduce memory usage. Loaded Objects now: 2717.
Total: 2.971800 ms (FindLiveObjects: 0.262600 ms CreateObjectMapping: 0.106700 ms MarkObjects: 2.570300 ms  DeleteObjects: 0.030800 ms)

========================================================================
Received Prepare
Registering precompiled user dll's ...
Registered in 0.005361 seconds.
Begin MonoManager ReloadAssembly
Native extension for WindowsStandalone target not found
Refreshing native plugins compatible for Editor in 0.67 ms, found 3 plugins.
Preloading 0 native plugins for Editor in 0.00 ms.
Mono: successfully reloaded assembly
- Completed reload, in  1.136 seconds
Platform modules already initialized, skipping
Refreshing native plugins compatible for Editor in 1.14 ms, found 3 plugins.
Preloading 0 native plugins for Editor in 0.00 ms.
Unloading 2173 Unused Serialized files (Serialized files now loaded: 0)
System memory in use before: 99.2 MB.
System memory in use after: 99.4 MB.

Unloading 29 unused Assets to reduce memory usage. Loaded Objects now: 2721.
Total: 3.092100 ms (FindLiveObjects: 0.298700 ms CreateObjectMapping: 0.132700 ms MarkObjects: 2.631700 ms  DeleteObjects: 0.027600 ms)

========================================================================
Received Import Request.
  Time since last request: 2700.930470 seconds.
  path: Assets/Textures/watering-can 2.png
  artifactKey: Guid(44ef6ba851a10ba45a17dac7e74e8964) Importer(815301076,1909f56bfc062723c751e8b465ee728b)
Start importing Assets/Textures/watering-can 2.png using Guid(44ef6ba851a10ba45a17dac7e74e8964) Importer(815301076,1909f56bfc062723c751e8b465ee728b)  -> (artifact id: '5a70c85350be2acd912fb8109aaf28c6') in 0.068582 seconds
  Import took 0.072796 seconds .

========================================================================
Received Import Request.
  Time since last request: 0.000272 seconds.
  path: Assets/Textures/place.png
  artifactKey: Guid(d3e9363f56298e544b49aa567a9cac0c) Importer(815301076,1909f56bfc062723c751e8b465ee728b)
Start importing Assets/Textures/place.png using Guid(d3e9363f56298e544b49aa567a9cac0c) Importer(815301076,1909f56bfc062723c751e8b465ee728b)  -> (artifact id: '91f7c47b9960dd41723a8c3a869acc4a') in 0.017044 seconds
  Import took 0.024433 seconds .

========================================================================
Received Import Request.
  Time since last request: 0.042656 seconds.
  path: Assets/Textures/star 2.png
  artifactKey: Guid(2fc065041505c6a46b7baead58a0d9e4) Importer(815301076,1909f56bfc062723c751e8b465ee728b)
Start importing Assets/Textures/star 2.png using Guid(2fc065041505c6a46b7baead58a0d9e4) Importer(815301076,1909f56bfc062723c751e8b465ee728b)  -> (artifact id: '66aee6cef626b20b0622df6984a36779') in 0.022660 seconds
  Import took 0.027102 seconds .

========================================================================
Received Import Request.
  Time since last request: 4.644745 seconds.
  path: Assets/Textures/car-wheel 2.png
  artifactKey: Guid(09da2408a985d9d4686821b7d27e3518) Importer(815301076,1909f56bfc062723c751e8b465ee728b)
Start importing Assets/Textures/car-wheel 2.png using Guid(09da2408a985d9d4686821b7d27e3518) Importer(815301076,1909f56bfc062723c751e8b465ee728b)  -> (artifact id: '88b1c7dc66f247e3f63e1b480c775d2c') in 0.019344 seconds
  Import took 0.023139 seconds .

========================================================================
Received Import Request.
  Time since last request: 0.000355 seconds.
  path: Assets/Textures/classic-car 2.png
  artifactKey: Guid(14e68ba62542e514e8ee2e1935a781b3) Importer(815301076,1909f56bfc062723c751e8b465ee728b)
Start importing Assets/Textures/classic-car 2.png using Guid(14e68ba62542e514e8ee2e1935a781b3) Importer(815301076,1909f56bfc062723c751e8b465ee728b)  -> (artifact id: '8a41cec0aad1d7f51bc835cd262b0454') in 0.026875 seconds
  Import took 0.030947 seconds .

========================================================================
Received Import Request.
  Time since last request: 45.507982 seconds.
  path: Assets/Textures/Ellipse 2.png
  artifactKey: Guid(44b659bfff6995142ae98fdc4c6d6a44) Importer(815301076,1909f56bfc062723c751e8b465ee728b)
Start importing Assets/Textures/Ellipse 2.png using Guid(44b659bfff6995142ae98fdc4c6d6a44) Importer(815301076,1909f56bfc062723c751e8b465ee728b)  -> (artifact id: '632a1d21a86f67191f4945175d168d3b') in 0.015822 seconds
  Import took 0.019674 seconds .

========================================================================
Received Import Request.
  Time since last request: 3.435658 seconds.
  path: Assets/Textures/Ellipse.png
  artifactKey: Guid(44b659bfff6995142ae98fdc4c6d6a44) Importer(815301076,1909f56bfc062723c751e8b465ee728b)
Start importing Assets/Textures/Ellipse.png using Guid(44b659bfff6995142ae98fdc4c6d6a44) Importer(815301076,1909f56bfc062723c751e8b465ee728b)  -> (artifact id: '5b7c774c09659265aaa1a7b7d0f52309') in 0.019190 seconds
  Import took 0.024289 seconds .

========================================================================
Received Import Request.
  Time since last request: 131.399440 seconds.
  path: Assets/Textures/Mask Group.png
  artifactKey: Guid(8f6ac1e077c60764aaa83143743a6a94) Importer(815301076,1909f56bfc062723c751e8b465ee728b)
Start importing Assets/Textures/Mask Group.png using Guid(8f6ac1e077c60764aaa83143743a6a94) Importer(815301076,1909f56bfc062723c751e8b465ee728b)  -> (artifact id: '1aa3c310d8915e998757d234cf0fdb57') in 0.019574 seconds
  Import took 0.023237 seconds .

========================================================================
Received Import Request.
  Time since last request: 5.576858 seconds.
  path: Assets/Textures/volume.png
  artifactKey: Guid(8f6ac1e077c60764aaa83143743a6a94) Importer(815301076,1909f56bfc062723c751e8b465ee728b)
Start importing Assets/Textures/volume.png using Guid(8f6ac1e077c60764aaa83143743a6a94) Importer(815301076,1909f56bfc062723c751e8b465ee728b)  -> (artifact id: 'b4ff8abc028e8c8061280baece43c4b8') in 0.021018 seconds
  Import took 0.025225 seconds .

========================================================================
Received Prepare
Registering precompiled user dll's ...
Registered in 0.005375 seconds.
Begin MonoManager ReloadAssembly
Native extension for WindowsStandalone target not found
Refreshing native plugins compatible for Editor in 0.68 ms, found 3 plugins.
Preloading 0 native plugins for Editor in 0.00 ms.
Mono: successfully reloaded assembly
- Completed reload, in  1.187 seconds
Platform modules already initialized, skipping
Refreshing native plugins compatible for Editor in 0.59 ms, found 3 plugins.
Preloading 0 native plugins for Editor in 0.00 ms.
Unloading 2173 Unused Serialized files (Serialized files now loaded: 0)
System memory in use before: 99.2 MB.
System memory in use after: 99.4 MB.

Unloading 29 unused Assets to reduce memory usage. Loaded Objects now: 2732.
Total: 2.513600 ms (FindLiveObjects: 0.246200 ms CreateObjectMapping: 0.097900 ms MarkObjects: 2.148200 ms  DeleteObjects: 0.020300 ms)

========================================================================
Received Prepare
Registering precompiled user dll's ...
Registered in 0.005328 seconds.
Begin MonoManager ReloadAssembly
Native extension for WindowsStandalone target not found
Refreshing native plugins compatible for Editor in 1.07 ms, found 3 plugins.
Preloading 0 native plugins for Editor in 0.00 ms.
Mono: successfully reloaded assembly
- Completed reload, in  1.214 seconds
Platform modules already initialized, skipping
Refreshing native plugins compatible for Editor in 0.77 ms, found 3 plugins.
Preloading 0 native plugins for Editor in 0.00 ms.
Unloading 2173 Unused Serialized files (Serialized files now loaded: 0)
System memory in use before: 99.2 MB.
System memory in use after: 99.4 MB.

Unloading 29 unused Assets to reduce memory usage. Loaded Objects now: 2736.
Total: 4.845700 ms (FindLiveObjects: 0.367800 ms CreateObjectMapping: 0.178800 ms MarkObjects: 4.248200 ms  DeleteObjects: 0.047800 ms)

========================================================================
Received Prepare
Registering precompiled user dll's ...
Registered in 0.006219 seconds.
Begin MonoManager ReloadAssembly
Native extension for WindowsStandalone target not found
Refreshing native plugins compatible for Editor in 0.56 ms, found 3 plugins.
Preloading 0 native plugins for Editor in 0.00 ms.
Mono: successfully reloaded assembly
- Completed reload, in  1.102 seconds
Platform modules already initialized, skipping
Refreshing native plugins compatible for Editor in 0.56 ms, found 3 plugins.
Preloading 0 native plugins for Editor in 0.00 ms.
Unloading 2173 Unused Serialized files (Serialized files now loaded: 0)
System memory in use before: 99.2 MB.
System memory in use after: 99.4 MB.

Unloading 29 unused Assets to reduce memory usage. Loaded Objects now: 2740.
Total: 2.509800 ms (FindLiveObjects: 0.264700 ms CreateObjectMapping: 0.122600 ms MarkObjects: 2.099300 ms  DeleteObjects: 0.022100 ms)

========================================================================
Received Prepare
Registering precompiled user dll's ...
Registered in 0.005268 seconds.
Begin MonoManager ReloadAssembly
Native extension for WindowsStandalone target not found
Refreshing native plugins compatible for Editor in 0.57 ms, found 3 plugins.
Preloading 0 native plugins for Editor in 0.00 ms.
Mono: successfully reloaded assembly
- Completed reload, in  1.079 seconds
Platform modules already initialized, skipping
Refreshing native plugins compatible for Editor in 0.55 ms, found 3 plugins.
Preloading 0 native plugins for Editor in 0.00 ms.
Unloading 2173 Unused Serialized files (Serialized files now loaded: 0)
System memory in use before: 99.2 MB.
System memory in use after: 99.4 MB.

Unloading 29 unused Assets to reduce memory usage. Loaded Objects now: 2744.
Total: 2.381100 ms (FindLiveObjects: 0.247700 ms CreateObjectMapping: 0.097400 ms MarkObjects: 2.014200 ms  DeleteObjects: 0.020900 ms)

========================================================================
Received Prepare
Registering precompiled user dll's ...
Registered in 0.005348 seconds.
Begin MonoManager ReloadAssembly
Native extension for WindowsStandalone target not found
Refreshing native plugins compatible for Editor in 0.59 ms, found 3 plugins.
Preloading 0 native plugins for Editor in 0.00 ms.
Mono: successfully reloaded assembly
- Completed reload, in  1.186 seconds
Platform modules already initialized, skipping
Refreshing native plugins compatible for Editor in 0.61 ms, found 3 plugins.
Preloading 0 native plugins for Editor in 0.00 ms.
Unloading 2173 Unused Serialized files (Serialized files now loaded: 0)
System memory in use before: 99.2 MB.
System memory in use after: 99.4 MB.

Unloading 29 unused Assets to reduce memory usage. Loaded Objects now: 2748.
Total: 2.561100 ms (FindLiveObjects: 0.265600 ms CreateObjectMapping: 0.128100 ms MarkObjects: 2.134000 ms  DeleteObjects: 0.032000 ms)

========================================================================
Received Prepare
Registering precompiled user dll's ...
Registered in 0.005317 seconds.
Begin MonoManager ReloadAssembly
Native extension for WindowsStandalone target not found
Refreshing native plugins compatible for Editor in 0.59 ms, found 3 plugins.
Preloading 0 native plugins for Editor in 0.00 ms.
Mono: successfully reloaded assembly
- Completed reload, in  1.206 seconds
Platform modules already initialized, skipping
Refreshing native plugins compatible for Editor in 0.57 ms, found 3 plugins.
Preloading 0 native plugins for Editor in 0.00 ms.
Unloading 2173 Unused Serialized files (Serialized files now loaded: 0)
System memory in use before: 99.2 MB.
System memory in use after: 99.4 MB.

Unloading 29 unused Assets to reduce memory usage. Loaded Objects now: 2752.
Total: 2.705300 ms (FindLiveObjects: 0.277300 ms CreateObjectMapping: 0.141400 ms MarkObjects: 2.259900 ms  DeleteObjects: 0.025200 ms)

========================================================================
Received Prepare
Registering precompiled user dll's ...
Registered in 0.005416 seconds.
Begin MonoManager ReloadAssembly
Native extension for WindowsStandalone target not found
Refreshing native plugins compatible for Editor in 0.56 ms, found 3 plugins.
Preloading 0 native plugins for Editor in 0.00 ms.
Mono: successfully reloaded assembly
- Completed reload, in  1.043 seconds
Platform modules already initialized, skipping
Refreshing native plugins compatible for Editor in 0.56 ms, found 3 plugins.
Preloading 0 native plugins for Editor in 0.00 ms.
Unloading 2173 Unused Serialized files (Serialized files now loaded: 0)
System memory in use before: 99.2 MB.
System memory in use after: 99.5 MB.

Unloading 29 unused Assets to reduce memory usage. Loaded Objects now: 2756.
Total: 2.386800 ms (FindLiveObjects: 0.236900 ms CreateObjectMapping: 0.107900 ms MarkObjects: 2.019500 ms  DeleteObjects: 0.021300 ms)

========================================================================
Received Prepare
Registering precompiled user dll's ...
Registered in 0.005369 seconds.
Begin MonoManager ReloadAssembly
Native extension for WindowsStandalone target not found
Refreshing native plugins compatible for Editor in 0.61 ms, found 3 plugins.
Preloading 0 native plugins for Editor in 0.00 ms.
Mono: successfully reloaded assembly
- Completed reload, in  1.258 seconds
Platform modules already initialized, skipping
Refreshing native plugins compatible for Editor in 0.69 ms, found 3 plugins.
Preloading 0 native plugins for Editor in 0.00 ms.
Unloading 2173 Unused Serialized files (Serialized files now loaded: 0)
System memory in use before: 99.2 MB.
System memory in use after: 99.5 MB.

Unloading 29 unused Assets to reduce memory usage. Loaded Objects now: 2760.
Total: 2.638500 ms (FindLiveObjects: 0.258300 ms CreateObjectMapping: 0.112600 ms MarkObjects: 2.240800 ms  DeleteObjects: 0.025400 ms)

========================================================================
Received Import Request.
  Time since last request: 561.309514 seconds.
  path: Assets/tts (1).ogg
  artifactKey: Guid(60176a214a93b2245a46d1e3f67266a8) Importer(815301076,1909f56bfc062723c751e8b465ee728b)
Start importing Assets/tts (1).ogg using Guid(60176a214a93b2245a46d1e3f67266a8) Importer(815301076,1909f56bfc062723c751e8b465ee728b)  -> (artifact id: 'c1ade098ea21e55d0c7407e862df9212') in 0.030109 seconds
  Import took 0.034531 seconds .

========================================================================
Received Import Request.
  Time since last request: 29.753897 seconds.
  path: Assets/tts (1).ogg
  artifactKey: Guid(60176a214a93b2245a46d1e3f67266a8) Importer(815301076,1909f56bfc062723c751e8b465ee728b)
Start importing Assets/tts (1).ogg using Guid(60176a214a93b2245a46d1e3f67266a8) Importer(815301076,1909f56bfc062723c751e8b465ee728b)  -> (artifact id: '9d89d032bd305f1ac963ce6b2014c646') in 0.009936 seconds
  Import took 0.013731 seconds .

========================================================================
Received Import Request.
  Time since last request: 7.093587 seconds.
  path: Assets/tts (1).ogg
  artifactKey: Guid(60176a214a93b2245a46d1e3f67266a8) Importer(815301076,1909f56bfc062723c751e8b465ee728b)
Start importing Assets/tts (1).ogg using Guid(60176a214a93b2245a46d1e3f67266a8) Importer(815301076,1909f56bfc062723c751e8b465ee728b)  -> (artifact id: 'f90b1974ea1065fef7bab382ca30025b') in 0.009874 seconds
  Import took 0.016216 seconds .

========================================================================
Received Import Request.
  Time since last request: 15.685561 seconds.
  path: Assets/tts (1).ogg
  artifactKey: Guid(60176a214a93b2245a46d1e3f67266a8) Importer(815301076,1909f56bfc062723c751e8b465ee728b)
Start importing Assets/tts (1).ogg using Guid(60176a214a93b2245a46d1e3f67266a8) Importer(815301076,1909f56bfc062723c751e8b465ee728b)  -> (artifact id: '2b892880faeecfaac90c6f9575fa58c3') in 0.010790 seconds
  Import took 0.016323 seconds .

========================================================================
Received Prepare
Registering precompiled user dll's ...
Registered in 0.005436 seconds.
Begin MonoManager ReloadAssembly
Native extension for WindowsStandalone target not found
Refreshing native plugins compatible for Editor in 0.57 ms, found 3 plugins.
Preloading 0 native plugins for Editor in 0.00 ms.
Mono: successfully reloaded assembly
- Completed reload, in  1.282 seconds
Platform modules already initialized, skipping
Refreshing native plugins compatible for Editor in 0.69 ms, found 3 plugins.
Preloading 0 native plugins for Editor in 0.00 ms.
Unloading 2173 Unused Serialized files (Serialized files now loaded: 0)
System memory in use before: 99.4 MB.
System memory in use after: 99.6 MB.

Unloading 29 unused Assets to reduce memory usage. Loaded Objects now: 2764.
Total: 3.865000 ms (FindLiveObjects: 0.354200 ms CreateObjectMapping: 0.190500 ms MarkObjects: 3.272400 ms  DeleteObjects: 0.045900 ms)

========================================================================
Received Import Request.
  Time since last request: 341.471867 seconds.
  path: Assets/tts-_1_.mp3
  artifactKey: Guid(208f82ec409d27d4e9ea2fa3f5fd62a2) Importer(815301076,1909f56bfc062723c751e8b465ee728b)
Start importing Assets/tts-_1_.mp3 using Guid(208f82ec409d27d4e9ea2fa3f5fd62a2) Importer(815301076,1909f56bfc062723c751e8b465ee728b)  -> (artifact id: '0039365f75711026fcee8935ffb6257d') in 0.077246 seconds
  Import took 0.080975 seconds .

========================================================================
Received Prepare
Registering precompiled user dll's ...
Registered in 0.005467 seconds.
Begin MonoManager ReloadAssembly
Native extension for WindowsStandalone target not found
Refreshing native plugins compatible for Editor in 0.62 ms, found 3 plugins.
Preloading 0 native plugins for Editor in 0.00 ms.
Mono: successfully reloaded assembly
- Completed reload, in  1.197 seconds
Platform modules already initialized, skipping
Refreshing native plugins compatible for Editor in 0.61 ms, found 3 plugins.
Preloading 0 native plugins for Editor in 0.00 ms.
Unloading 2173 Unused Serialized files (Serialized files now loaded: 0)
System memory in use before: 99.4 MB.
System memory in use after: 99.6 MB.

Unloading 29 unused Assets to reduce memory usage. Loaded Objects now: 2774.
Total: 2.567900 ms (FindLiveObjects: 0.306100 ms CreateObjectMapping: 0.124000 ms MarkObjects: 2.111400 ms  DeleteObjects: 0.025100 ms)

========================================================================
Received Prepare
Registering precompiled user dll's ...
Registered in 0.005453 seconds.
Begin MonoManager ReloadAssembly
Native extension for WindowsStandalone target not found
Refreshing native plugins compatible for Editor in 0.69 ms, found 3 plugins.
Preloading 0 native plugins for Editor in 0.00 ms.
Mono: successfully reloaded assembly
- Completed reload, in  1.163 seconds
Platform modules already initialized, skipping
Refreshing native plugins compatible for Editor in 0.69 ms, found 3 plugins.
Preloading 0 native plugins for Editor in 0.00 ms.
Unloading 2173 Unused Serialized files (Serialized files now loaded: 0)
System memory in use before: 99.5 MB.
System memory in use after: 99.7 MB.

Unloading 29 unused Assets to reduce memory usage. Loaded Objects now: 2778.
Total: 2.686900 ms (FindLiveObjects: 0.277100 ms CreateObjectMapping: 0.129400 ms MarkObjects: 2.255000 ms  DeleteObjects: 0.024300 ms)

========================================================================
Received Import Request.
  Time since last request: 758.583781 seconds.
  path: Assets/Textures/.png
  artifactKey: Guid(9f09a4be5b3642048944077827786218) Importer(815301076,1909f56bfc062723c751e8b465ee728b)
Start importing Assets/Textures/.png using Guid(9f09a4be5b3642048944077827786218) Importer(815301076,1909f56bfc062723c751e8b465ee728b)  -> (artifact id: '2501ebae1f09cdfc023e90179daffd5f') in 0.095078 seconds
  Import took 0.099505 seconds .

========================================================================
Received Import Request.
  Time since last request: 8.896797 seconds.
  path: Assets/Textures/acorn.png
  artifactKey: Guid(9f09a4be5b3642048944077827786218) Importer(815301076,1909f56bfc062723c751e8b465ee728b)
Start importing Assets/Textures/acorn.png using Guid(9f09a4be5b3642048944077827786218) Importer(815301076,1909f56bfc062723c751e8b465ee728b)  -> (artifact id: '1f2608dbc8986fe74651ab0511a8789b') in 0.034867 seconds
  Import took 0.038735 seconds .

========================================================================
Received Import Request.
  Time since last request: 3.599996 seconds.
  path: Assets/Textures/tree.png
  artifactKey: Guid(a3e5293f53ebde94a957aa4b6f0e68a2) Importer(815301076,1909f56bfc062723c751e8b465ee728b)
Start importing Assets/Textures/tree.png using Guid(a3e5293f53ebde94a957aa4b6f0e68a2) Importer(815301076,1909f56bfc062723c751e8b465ee728b)  -> (artifact id: '007e302725f3e7501e10d6bc1f3caf3b') in 0.028621 seconds
  Import took 0.032556 seconds .

========================================================================
Received Import Request.
  Time since last request: 153.163667 seconds.
  path: Assets/Textures/tree.png
  artifactKey: Guid(a3e5293f53ebde94a957aa4b6f0e68a2) Importer(815301076,1909f56bfc062723c751e8b465ee728b)
Start importing Assets/Textures/tree.png using Guid(a3e5293f53ebde94a957aa4b6f0e68a2) Importer(815301076,1909f56bfc062723c751e8b465ee728b)  -> (artifact id: '2e6c65a38fb909c1271d5216e3c61dda') in 0.017918 seconds
  Import took 0.022233 seconds .

========================================================================
Received Import Request.
  Time since last request: 90.524980 seconds.
  path: Assets/Textures/acorn.png
  artifactKey: Guid(9f09a4be5b3642048944077827786218) Importer(815301076,1909f56bfc062723c751e8b465ee728b)
Start importing Assets/Textures/acorn.png using Guid(9f09a4be5b3642048944077827786218) Importer(815301076,1909f56bfc062723c751e8b465ee728b)  -> (artifact id: 'ee4837dc1fc40326ab9c94284e638864') in 0.041053 seconds
  Import took 0.044985 seconds .

========================================================================
Received Import Request.
  Time since last request: 9.716755 seconds.
  path: Assets/Textures/acorn.png
  artifactKey: Guid(9f09a4be5b3642048944077827786218) Importer(815301076,1909f56bfc062723c751e8b465ee728b)
Start importing Assets/Textures/acorn.png using Guid(9f09a4be5b3642048944077827786218) Importer(815301076,1909f56bfc062723c751e8b465ee728b)  -> (artifact id: 'ff6761fcf90e8e1a42ecbe07728d5a4a') in 0.174663 seconds
  Import took 0.178474 seconds .

========================================================================
Received Import Request.
  Time since last request: 282.364197 seconds.
  path: Assets/Textures/bee.png
  artifactKey: Guid(7ae00dd4416b2a54dacc0fb78fc114c2) Importer(815301076,1909f56bfc062723c751e8b465ee728b)
Start importing Assets/Textures/bee.png using Guid(7ae00dd4416b2a54dacc0fb78fc114c2) Importer(815301076,1909f56bfc062723c751e8b465ee728b)  -> (artifact id: '55cc80d767aed78f61efcd174daf981e') in 0.032592 seconds
  Import took 0.037093 seconds .

========================================================================
Received Import Request.
  Time since last request: 90.534606 seconds.
  path: Assets/Textures/bee.png
  artifactKey: Guid(7ae00dd4416b2a54dacc0fb78fc114c2) Importer(815301076,1909f56bfc062723c751e8b465ee728b)
Start importing Assets/Textures/bee.png using Guid(7ae00dd4416b2a54dacc0fb78fc114c2) Importer(815301076,1909f56bfc062723c751e8b465ee728b)  -> (artifact id: '8e3fc20f409b6949ae92df7299e603e7') in 0.024875 seconds
  Import took 0.029318 seconds .

========================================================================
Received Import Request.
  Time since last request: 163.848211 seconds.
  path: Assets/Textures/bee.png
  artifactKey: Guid(7ae00dd4416b2a54dacc0fb78fc114c2) Importer(815301076,1909f56bfc062723c751e8b465ee728b)
Start importing Assets/Textures/bee.png using Guid(7ae00dd4416b2a54dacc0fb78fc114c2) Importer(815301076,1909f56bfc062723c751e8b465ee728b)  -> (artifact id: '4032234ccc6bff399b88de5cb3496657') in 0.031229 seconds
  Import took 0.036760 seconds .

========================================================================
Received Import Request.
  Time since last request: 62.677489 seconds.
  path: Assets/Textures/honey.jpg
  artifactKey: Guid(259d7925fcff10840b11d2849d511aae) Importer(815301076,1909f56bfc062723c751e8b465ee728b)
Start importing Assets/Textures/honey.jpg using Guid(259d7925fcff10840b11d2849d511aae) Importer(815301076,1909f56bfc062723c751e8b465ee728b)  -> (artifact id: 'ee896b3a9fb62ede5a03f4fee31afbbb') in 0.023055 seconds
  Import took 0.026899 seconds .

========================================================================
Received Import Request.
  Time since last request: 655.036776 seconds.
  path: Assets/Textures/soap.jpg
  artifactKey: Guid(f8c07d984b42cb146bff6aabdef92cc8) Importer(815301076,1909f56bfc062723c751e8b465ee728b)
Start importing Assets/Textures/soap.jpg using Guid(f8c07d984b42cb146bff6aabdef92cc8) Importer(815301076,1909f56bfc062723c751e8b465ee728b)  -> (artifact id: '57ce3cf519820c11ef6e0dc73c192b20') in 0.026218 seconds
  Import took 0.031267 seconds .

========================================================================
Received Prepare
Registering precompiled user dll's ...
Registered in 0.005288 seconds.
Begin MonoManager ReloadAssembly
Native extension for WindowsStandalone target not found
Refreshing native plugins compatible for Editor in 0.59 ms, found 3 plugins.
Preloading 0 native plugins for Editor in 0.00 ms.
Mono: successfully reloaded assembly
- Completed reload, in  1.192 seconds
Platform modules already initialized, skipping
Refreshing native plugins compatible for Editor in 0.63 ms, found 3 plugins.
Preloading 0 native plugins for Editor in 0.00 ms.
Unloading 2173 Unused Serialized files (Serialized files now loaded: 0)
System memory in use before: 99.6 MB.
System memory in use after: 99.8 MB.

Unloading 29 unused Assets to reduce memory usage. Loaded Objects now: 2797.
Total: 2.650500 ms (FindLiveObjects: 0.268300 ms CreateObjectMapping: 0.111700 ms MarkObjects: 2.249800 ms  DeleteObjects: 0.019400 ms)

========================================================================
Received Prepare
Registering precompiled user dll's ...
Registered in 0.005222 seconds.
Begin MonoManager ReloadAssembly
Native extension for WindowsStandalone target not found
Refreshing native plugins compatible for Editor in 0.95 ms, found 3 plugins.
Preloading 0 native plugins for Editor in 0.00 ms.
Mono: successfully reloaded assembly
- Completed reload, in  1.207 seconds
Platform modules already initialized, skipping
Refreshing native plugins compatible for Editor in 0.62 ms, found 3 plugins.
Preloading 0 native plugins for Editor in 0.00 ms.
Unloading 2173 Unused Serialized files (Serialized files now loaded: 0)
System memory in use before: 99.6 MB.
System memory in use after: 99.8 MB.

Unloading 29 unused Assets to reduce memory usage. Loaded Objects now: 2801.
Total: 3.976200 ms (FindLiveObjects: 0.322900 ms CreateObjectMapping: 0.134900 ms MarkObjects: 3.473600 ms  DeleteObjects: 0.042500 ms)

========================================================================
Received Import Request.
  Time since last request: 341.155618 seconds.
  path: Assets/Textures/soap.png
  artifactKey: Guid(96e0e68b9b096c84683f1a7d12c813ca) Importer(815301076,1909f56bfc062723c751e8b465ee728b)
Start importing Assets/Textures/soap.png using Guid(96e0e68b9b096c84683f1a7d12c813ca) Importer(815301076,1909f56bfc062723c751e8b465ee728b)  -> (artifact id: '88d69c38c81391e75b43c25e5e96f9ac') in 0.063834 seconds
  Import took 0.068265 seconds .

========================================================================
Received Import Request.
  Time since last request: 0.085790 seconds.
  path: Assets/Textures/honey.png
  artifactKey: Guid(d5caae38f6a611b4596e6fc194ff75b0) Importer(815301076,1909f56bfc062723c751e8b465ee728b)
Start importing Assets/Textures/honey.png using Guid(d5caae38f6a611b4596e6fc194ff75b0) Importer(815301076,1909f56bfc062723c751e8b465ee728b)  -> (artifact id: '56d2e1be02396008ac18d7ea07ba26d2') in 0.015960 seconds
  Import took 0.020427 seconds .

========================================================================
Received Import Request.
  Time since last request: 30.948834 seconds.
  path: Assets/Textures/Ellipse.png
  artifactKey: Guid(44b659bfff6995142ae98fdc4c6d6a44) Importer(815301076,1909f56bfc062723c751e8b465ee728b)
Start importing Assets/Textures/Ellipse.png using Guid(44b659bfff6995142ae98fdc4c6d6a44) Importer(815301076,1909f56bfc062723c751e8b465ee728b)  -> (artifact id: '51007e1a3aca5169f959f1e49034f12e') in 0.012030 seconds
  Import took 0.016052 seconds .

========================================================================
Received Prepare
Registering precompiled user dll's ...
Registered in 0.005230 seconds.
Begin MonoManager ReloadAssembly
Native extension for WindowsStandalone target not found
Refreshing native plugins compatible for Editor in 0.61 ms, found 3 plugins.
Preloading 0 native plugins for Editor in 0.00 ms.
Mono: successfully reloaded assembly
- Completed reload, in  1.215 seconds
Platform modules already initialized, skipping
Refreshing native plugins compatible for Editor in 0.63 ms, found 3 plugins.
Preloading 0 native plugins for Editor in 0.00 ms.
Unloading 2173 Unused Serialized files (Serialized files now loaded: 0)
System memory in use before: 99.6 MB.
System memory in use after: 99.8 MB.

Unloading 29 unused Assets to reduce memory usage. Loaded Objects now: 2808.
Total: 2.639200 ms (FindLiveObjects: 0.254700 ms CreateObjectMapping: 0.122700 ms MarkObjects: 2.233500 ms  DeleteObjects: 0.027000 ms)

========================================================================
Received Prepare
Registering precompiled user dll's ...
Registered in 0.005400 seconds.
Begin MonoManager ReloadAssembly
Native extension for WindowsStandalone target not found
Refreshing native plugins compatible for Editor in 1.04 ms, found 3 plugins.
Preloading 0 native plugins for Editor in 0.00 ms.
Mono: successfully reloaded assembly
- Completed reload, in  1.194 seconds
Platform modules already initialized, skipping
Refreshing native plugins compatible for Editor in 0.87 ms, found 3 plugins.
Preloading 0 native plugins for Editor in 0.00 ms.
Unloading 2173 Unused Serialized files (Serialized files now loaded: 0)
System memory in use before: 99.6 MB.
System memory in use after: 99.8 MB.

Unloading 29 unused Assets to reduce memory usage. Loaded Objects now: 2812.
Total: 3.425400 ms (FindLiveObjects: 0.298000 ms CreateObjectMapping: 0.135800 ms MarkObjects: 2.940600 ms  DeleteObjects: 0.048600 ms)

========================================================================
Received Prepare
Registering precompiled user dll's ...
Registered in 0.006168 seconds.
Begin MonoManager ReloadAssembly
Native extension for WindowsStandalone target not found
Refreshing native plugins compatible for Editor in 0.67 ms, found 3 plugins.
Preloading 0 native plugins for Editor in 0.00 ms.
Mono: successfully reloaded assembly
- Completed reload, in  1.315 seconds
Platform modules already initialized, skipping
Refreshing native plugins compatible for Editor in 0.58 ms, found 3 plugins.
Preloading 0 native plugins for Editor in 0.00 ms.
Unloading 2173 Unused Serialized files (Serialized files now loaded: 0)
System memory in use before: 99.6 MB.
System memory in use after: 99.8 MB.

Unloading 29 unused Assets to reduce memory usage. Loaded Objects now: 2816.
Total: 2.922700 ms (FindLiveObjects: 0.242200 ms CreateObjectMapping: 0.112500 ms MarkObjects: 2.539600 ms  DeleteObjects: 0.027300 ms)

========================================================================
Received Prepare
Registering precompiled user dll's ...
Registered in 0.005455 seconds.
Begin MonoManager ReloadAssembly
Native extension for WindowsStandalone target not found
Refreshing native plugins compatible for Editor in 0.59 ms, found 3 plugins.
Preloading 0 native plugins for Editor in 0.00 ms.
Mono: successfully reloaded assembly
- Completed reload, in  1.148 seconds
Platform modules already initialized, skipping
Refreshing native plugins compatible for Editor in 0.60 ms, found 3 plugins.
Preloading 0 native plugins for Editor in 0.00 ms.
Unloading 2173 Unused Serialized files (Serialized files now loaded: 0)
System memory in use before: 99.6 MB.
System memory in use after: 99.8 MB.

Unloading 29 unused Assets to reduce memory usage. Loaded Objects now: 2820.
Total: 2.606500 ms (FindLiveObjects: 0.290000 ms CreateObjectMapping: 0.116300 ms MarkObjects: 2.175800 ms  DeleteObjects: 0.023100 ms)

========================================================================
Received Prepare
Registering precompiled user dll's ...
Registered in 0.005849 seconds.
Begin MonoManager ReloadAssembly
Native extension for WindowsStandalone target not found
Refreshing native plugins compatible for Editor in 0.60 ms, found 3 plugins.
Preloading 0 native plugins for Editor in 0.00 ms.
Mono: successfully reloaded assembly
- Completed reload, in  1.222 seconds
Platform modules already initialized, skipping
Refreshing native plugins compatible for Editor in 0.69 ms, found 3 plugins.
Preloading 0 native plugins for Editor in 0.00 ms.
Unloading 2173 Unused Serialized files (Serialized files now loaded: 0)
System memory in use before: 99.6 MB.
System memory in use after: 99.8 MB.

Unloading 29 unused Assets to reduce memory usage. Loaded Objects now: 2824.
Total: 2.623700 ms (FindLiveObjects: 0.297300 ms CreateObjectMapping: 0.112000 ms MarkObjects: 2.188400 ms  DeleteObjects: 0.024800 ms)

========================================================================
Received Prepare
Registering precompiled user dll's ...
Registered in 0.007600 seconds.
Begin MonoManager ReloadAssembly
Native extension for WindowsStandalone target not found
Refreshing native plugins compatible for Editor in 0.67 ms, found 3 plugins.
Preloading 0 native plugins for Editor in 0.00 ms.
Mono: successfully reloaded assembly
- Completed reload, in  1.625 seconds
Platform modules already initialized, skipping
Switching build target platform(19) subTarget(0) extendedPlatform(0) -> platform(13) subTarget(537395200) extendedPlatform(0)
Refreshing native plugins compatible for Editor in 0.74 ms, found 3 plugins.
Preloading 0 native plugins for Editor in 0.00 ms.
Unloading 2177 Unused Serialized files (Serialized files now loaded: 0)
System memory in use before: 99.5 MB.
System memory in use after: 99.7 MB.

Unloading 29 unused Assets to reduce memory usage. Loaded Objects now: 2828.
Total: 4.363600 ms (FindLiveObjects: 0.396400 ms CreateObjectMapping: 0.166000 ms MarkObjects: 3.760100 ms  DeleteObjects: 0.039800 ms)

AssetImportParameters requested are different than current active one (requested -> active):
  custom:graphics/normal-map-encoding: 01000000000000000000000000000000 -> 02000000000000000000000000000000
========================================================================
Received Prepare
Refreshing native plugins compatible for Editor in 16.62 ms, found 3 plugins.
Preloading 0 native plugins for Editor in 0.00 ms.
Unloading 27 Unused Serialized files (Serialized files now loaded: 0)
System memory in use before: 57.1 MB.
System memory in use after: 57.3 MB.

Unloading 27 unused Assets to reduce memory usage. Loaded Objects now: 2828.
Total: 3.553700 ms (FindLiveObjects: 0.558100 ms CreateObjectMapping: 0.188000 ms MarkObjects: 2.775000 ms  DeleteObjects: 0.030900 ms)

========================================================================
Received Prepare
Refreshing native plugins compatible for Editor in 11.05 ms, found 3 plugins.
Preloading 0 native plugins for Editor in 0.00 ms.
Unloading 27 Unused Serialized files (Serialized files now loaded: 0)
System memory in use before: 57.1 MB.
System memory in use after: 57.3 MB.

Unloading 27 unused Assets to reduce memory usage. Loaded Objects now: 2828.
Total: 3.386300 ms (FindLiveObjects: 0.292000 ms CreateObjectMapping: 0.120400 ms MarkObjects: 2.952300 ms  DeleteObjects: 0.020600 ms)

